TN:
SF:db.js
FNF:0
FNH:0
DA:1,3
DA:2,3
DA:3,3
DA:4,3
DA:6,3
DA:12,3
DA:18,3
DA:19,3
DA:21,3
LF:9
LH:9
BRF:0
BRH:0
end_of_record
TN:
SF:index.js
FN:17,auth
FN:38,(anonymous_1)
FN:93,(anonymous_2)
FN:129,(anonymous_3)
FN:157,(anonymous_4)
FN:169,(anonymous_5)
FN:191,(anonymous_6)
FN:227,(anonymous_7)
FN:252,(anonymous_8)
FNF:9
FNH:0
FNDA:0,auth
FNDA:0,(anonymous_1)
FNDA:0,(anonymous_2)
FNDA:0,(anonymous_3)
FNDA:0,(anonymous_4)
FNDA:0,(anonymous_5)
FNDA:0,(anonymous_6)
FNDA:0,(anonymous_7)
FNDA:0,(anonymous_8)
DA:1,0
DA:2,0
DA:3,0
DA:4,0
DA:5,0
DA:6,0
DA:7,0
DA:8,0
DA:18,0
DA:20,0
DA:21,0
DA:23,0
DA:24,0
DA:25,0
DA:27,0
DA:32,0
DA:38,0
DA:45,0
DA:51,0
DA:53,0
DA:54,0
DA:58,0
DA:61,0
DA:62,0
DA:63,0
DA:65,0
DA:66,0
DA:67,0
DA:68,0
DA:71,0
DA:74,0
DA:75,0
DA:77,0
DA:83,0
DA:87,0
DA:93,0
DA:94,0
DA:95,0
DA:97,0
DA:98,0
DA:99,0
DA:101,0
DA:102,0
DA:105,0
DA:108,0
DA:110,0
DA:111,0
DA:112,0
DA:117,0
DA:122,0
DA:129,0
DA:130,0
DA:132,0
DA:133,0
DA:136,0
DA:139,0
DA:140,0
DA:146,0
DA:150,0
DA:157,0
DA:158,0
DA:159,0
DA:160,0
DA:162,0
DA:169,0
DA:170,0
DA:172,0
DA:173,0
DA:175,0
DA:176,0
DA:179,0
DA:182,0
DA:184,0
DA:191,0
DA:192,0
DA:193,0
DA:195,0
DA:196,0
DA:198,0
DA:199,0
DA:202,0
DA:205,0
DA:206,0
DA:207,0
DA:209,0
DA:215,0
DA:220,0
DA:227,0
DA:228,0
DA:230,0
DA:231,0
DA:233,0
DA:234,0
DA:237,0
DA:240,0
DA:242,0
DA:246,0
DA:252,0
DA:253,0
LF:99
LH:0
BRDA:23,0,0,0
BRDA:23,0,1,0
BRDA:53,1,0,0
BRDA:53,1,1,0
BRDA:67,2,0,0
BRDA:67,2,1,0
BRDA:101,3,0,0
BRDA:101,3,1,0
BRDA:110,4,0,0
BRDA:110,4,1,0
BRDA:110,5,0,0
BRDA:110,5,1,0
BRDA:132,6,0,0
BRDA:132,6,1,0
BRDA:132,7,0,0
BRDA:132,7,1,0
BRDA:175,8,0,0
BRDA:175,8,1,0
BRDA:198,9,0,0
BRDA:198,9,1,0
BRDA:206,10,0,0
BRDA:206,10,1,0
BRDA:207,11,0,0
BRDA:207,11,1,0
BRDA:233,12,0,0
BRDA:233,12,1,0
BRF:26
BRH:0
end_of_record
TN:
SF:test-setup.js
FN:7,(anonymous_0)
FN:15,(anonymous_1)
FN:16,(anonymous_2)
FN:34,(anonymous_3)
FN:47,(anonymous_4)
FNF:5
FNH:5
FNDA:3,(anonymous_0)
FNDA:3,(anonymous_1)
FNDA:3,(anonymous_2)
FNDA:3,(anonymous_3)
FNDA:28,(anonymous_4)
DA:1,3
DA:2,3
DA:7,3
DA:9,3
DA:10,0
DA:14,3
DA:15,3
DA:16,3
DA:21,0
DA:22,0
DA:25,0
DA:26,0
DA:28,0
DA:30,0
DA:34,3
DA:35,3
DA:36,3
DA:37,3
DA:40,3
DA:41,0
DA:42,0
DA:47,3
DA:48,28
DA:49,0
DA:52,28
DA:54,28
DA:55,56
DA:56,56
DA:60,3
LF:29
LH:19
BRDA:9,0,0,0
BRDA:9,0,1,3
BRDA:14,1,0,3
BRDA:14,1,1,0
BRDA:21,2,0,0
BRDA:21,2,1,0
BRDA:35,3,0,3
BRDA:35,3,1,0
BRDA:40,4,0,0
BRDA:40,4,1,3
BRDA:48,5,0,0
BRDA:48,5,1,28
BRF:12
BRH:5
end_of_record
